TN:
SF:src\data-source.ts
FNF:0
FNH:0
DA:1,1
DA:2,1
DA:3,1
DA:5,1
LF:4
LH:4
BRF:0
BRH:0
end_of_record
TN:
SF:src\controllers\TaskController.ts
FN:9,(anonymous_0)
FN:19,(anonymous_1)
FN:24,(anonymous_2)
FN:33,(anonymous_3)
FNF:4
FNH:4
FNDA:2,(anonymous_0)
FNDA:1,(anonymous_1)
FNDA:2,(anonymous_2)
FNDA:2,(anonymous_3)
DA:3,1
DA:4,1
DA:6,1
DA:8,1
DA:10,2
DA:11,2
DA:12,1
DA:13,1
DA:15,1
DA:20,1
DA:21,1
DA:25,2
DA:26,2
DA:27,2
DA:29,0
DA:34,2
DA:35,2
DA:36,1
DA:38,1
DA:44,1
LF:20
LH:19
BRF:0
BRH:0
end_of_record
TN:
SF:src\entity\Task.ts
FNF:0
FNH:0
DA:1,1
DA:4,1
DA:6,1
DA:9,1
DA:12,1
DA:15,1
DA:18,1
DA:21,1
LF:8
LH:8
BRDA:21,0,0,1
BRDA:21,0,1,0
BRDA:21,1,0,1
BRDA:21,1,1,1
BRF:4
BRH:3
end_of_record
TN:
SF:src\repositories\TaskRepository.ts
FNF:0
FNH:0
DA:1,1
DA:2,1
DA:4,1
LF:3
LH:3
BRF:0
BRH:0
end_of_record
TN:
SF:src\routes\taskRoutes.ts
FN:35,(anonymous_0)
FN:53,(anonymous_1)
FN:84,(anonymous_2)
FN:113,(anonymous_3)
FNF:4
FNH:4
FNDA:1,(anonymous_0)
FNDA:1,(anonymous_1)
FNDA:1,(anonymous_2)
FNDA:1,(anonymous_3)
DA:1,1
DA:2,1
DA:10,1
DA:11,1
DA:35,1
DA:53,1
DA:84,1
DA:113,1
DA:115,1
LF:9
LH:9
BRF:0
BRH:0
end_of_record
TN:
SF:src\usecases\TaskUseCases.ts
FN:6,(anonymous_0)
FN:11,(anonymous_1)
FN:15,(anonymous_2)
FN:20,(anonymous_3)
FNF:4
FNH:4
FNDA:1,(anonymous_0)
FNDA:1,(anonymous_1)
FNDA:3,(anonymous_2)
FNDA:3,(anonymous_3)
DA:1,1
DA:5,1
DA:7,1
DA:8,1
DA:12,1
DA:16,3
DA:17,3
DA:21,3
LF:8
LH:8
BRF:0
BRH:0
end_of_record
TN:
SF:src\validators\TaskValidator.ts
FN:5,validateTaskInput
FNF:1
FNH:1
FNDA:6,validateTaskInput
DA:3,2
DA:5,2
DA:6,6
DA:7,2
DA:10,4
DA:11,1
DA:14,3
DA:15,1
LF:8
LH:8
BRDA:6,0,0,2
BRDA:6,0,1,4
BRDA:6,1,0,6
BRDA:6,1,1,5
BRDA:6,1,2,4
BRDA:6,1,3,4
BRDA:10,2,0,1
BRDA:10,2,1,3
BRDA:14,3,0,1
BRDA:14,3,1,2
BRF:10
BRH:10
end_of_record
