TN:
SF:src\data-source.ts
FNF:0
FNH:0
DA:1,1
DA:2,1
DA:3,1
DA:5,1
LF:4
LH:4
BRF:0
BRH:0
end_of_record
TN:
SF:src\controllers\TaskController.ts
FN:17,(anonymous_0)
FN:24,(anonymous_1)
FN:30,(anonymous_2)
FN:37,(anonymous_3)
FN:38,(anonymous_4)
FN:49,(anonymous_5)
FN:59,(anonymous_6)
FN:60,(anonymous_7)
FNF:8
FNH:4
FNDA:1,(anonymous_0)
FNDA:3,(anonymous_1)
FNDA:0,(anonymous_2)
FNDA:1,(anonymous_3)
FNDA:0,(anonymous_4)
FNDA:0,(anonymous_5)
FNDA:1,(anonymous_6)
FNDA:0,(anonymous_7)
DA:1,1
DA:2,1
DA:6,1
DA:8,1
DA:17,1
DA:24,1
DA:25,3
DA:26,3
DA:28,0
DA:31,0
DA:32,0
DA:37,1
DA:38,1
DA:39,0
DA:40,0
DA:42,0
DA:44,0
DA:45,0
DA:46,0
DA:49,1
DA:50,0
DA:52,0
DA:54,0
DA:55,0
DA:59,1
DA:60,1
DA:61,0
DA:63,0
DA:65,0
DA:66,0
DA:67,0
LF:31
LH:13
BRF:0
BRH:0
end_of_record
TN:
SF:src\entity\Task.ts
FNF:0
FNH:0
DA:1,1
DA:4,1
DA:6,1
DA:9,1
DA:12,1
DA:15,1
DA:18,1
DA:21,1
LF:8
LH:8
BRDA:21,0,0,1
BRDA:21,0,1,0
BRDA:21,1,0,1
BRDA:21,1,1,1
BRF:4
BRH:3
end_of_record
TN:
SF:src\repositories\TaskRepository.ts
FNF:0
FNH:0
DA:1,1
DA:2,1
DA:4,1
LF:3
LH:3
BRF:0
BRH:0
end_of_record
TN:
SF:src\usecases\TaskUseCases.ts
FN:6,(anonymous_0)
FN:11,(anonymous_1)
FN:15,(anonymous_2)
FN:20,(anonymous_3)
FNF:4
FNH:4
FNDA:1,(anonymous_0)
FNDA:1,(anonymous_1)
FNDA:1,(anonymous_2)
FNDA:1,(anonymous_3)
DA:1,2
DA:5,2
DA:7,1
DA:8,1
DA:12,1
DA:16,1
DA:17,1
DA:21,1
LF:8
LH:8
BRF:0
BRH:0
end_of_record
TN:
SF:src\validators\TaskValidator.ts
FN:5,validateTaskInput
FNF:1
FNH:1
FNDA:3,validateTaskInput
DA:3,1
DA:5,1
DA:6,3
DA:7,1
DA:10,2
DA:11,0
DA:14,2
DA:15,1
LF:8
LH:7
BRDA:6,0,0,1
BRDA:6,0,1,2
BRDA:6,1,0,3
BRDA:6,1,1,3
BRDA:6,1,2,2
BRDA:6,1,3,2
BRDA:10,2,0,0
BRDA:10,2,1,2
BRDA:14,3,0,1
BRDA:14,3,1,1
BRF:10
BRH:9
end_of_record
